0 info it worked if it ends with ok
1 verbose cli [ '/Users/gabekelley/.nvm/versions/node/v5.10.1/bin/node',
1 verbose cli   '/Users/gabekelley/.nvm/versions/node/v5.10.1/bin/npm',
1 verbose cli   'run',
1 verbose cli   'webpack-server' ]
2 info using npm@3.8.3
3 info using node@v5.10.1
4 verbose run-script [ 'prewebpack-server', 'webpack-server', 'postwebpack-server' ]
5 info lifecycle hmi-components@1.0.0~prewebpack-server: hmi-components@1.0.0
6 silly lifecycle hmi-components@1.0.0~prewebpack-server: no script for prewebpack-server, continuing
7 info lifecycle hmi-components@1.0.0~webpack-server: hmi-components@1.0.0
8 verbose lifecycle hmi-components@1.0.0~webpack-server: unsafe-perm in lifecycle true
9 verbose lifecycle hmi-components@1.0.0~webpack-server: PATH: /Users/gabekelley/.nvm/versions/node/v5.10.1/lib/node_modules/npm/bin/node-gyp-bin:/Users/gabekelley/Sites/hmi-components/node_modules/.bin:/Users/gabekelley/.nvm/versions/node/v5.10.1/bin:/Users/gabekelley/.nvm/versions/node/v5.10.1/lib/node_modules/npm/bin/node-gyp-bin:/Users/gabekelley/Sites/hmi-components/node_modules/.bin:/Users/gabekelley/.nvm/versions/node/v5.10.1/bin:/usr/local/sbin:/usr/local/Cellar/pyenv-virtualenv/20160315/shims:/Users/gabekelley/.pyenv/shims:/Users/gabekelley/.nvm/versions/node/v5.10.1/bin:/usr/local/Cellar/pyenv-virtualenv/20160315/shims:/usr/local/opt/pyenv/shims:/usr/local/opt/pyenv/bin:/Users/gabekelley/.rbenv/shims:/Users/gabekelley/.pyenv/shims:/usr/local/bin:/usr/bin:/bin:/usr/sbin:/sbin:/opt/X11/bin:/Users/gabekelley/.oh-my-zsh/custom/plugins/desk
10 verbose lifecycle hmi-components@1.0.0~webpack-server: CWD: /Users/gabekelley/Sites/hmi-components
11 silly lifecycle hmi-components@1.0.0~webpack-server: Args: [ '-c', 'webpack-dev-server --hot --progress --colors' ]
12 silly lifecycle hmi-components@1.0.0~webpack-server: Returned: code: 1  signal: null
13 info lifecycle hmi-components@1.0.0~webpack-server: Failed to exec webpack-server script
14 verbose stack Error: hmi-components@1.0.0 webpack-server: `webpack-dev-server --hot --progress --colors`
14 verbose stack Exit status 1
14 verbose stack     at EventEmitter.<anonymous> (/Users/gabekelley/.nvm/versions/node/v5.10.1/lib/node_modules/npm/lib/utils/lifecycle.js:239:16)
14 verbose stack     at emitTwo (events.js:100:13)
14 verbose stack     at EventEmitter.emit (events.js:185:7)
14 verbose stack     at ChildProcess.<anonymous> (/Users/gabekelley/.nvm/versions/node/v5.10.1/lib/node_modules/npm/lib/utils/spawn.js:24:14)
14 verbose stack     at emitTwo (events.js:100:13)
14 verbose stack     at ChildProcess.emit (events.js:185:7)
14 verbose stack     at maybeClose (internal/child_process.js:850:16)
14 verbose stack     at Process.ChildProcess._handle.onexit (internal/child_process.js:215:5)
15 verbose pkgid hmi-components@1.0.0
16 verbose cwd /Users/gabekelley/Sites/hmi-components
17 error Darwin 15.5.0
18 error argv "/Users/gabekelley/.nvm/versions/node/v5.10.1/bin/node" "/Users/gabekelley/.nvm/versions/node/v5.10.1/bin/npm" "run" "webpack-server"
19 error node v5.10.1
20 error npm  v3.8.3
21 error code ELIFECYCLE
22 error hmi-components@1.0.0 webpack-server: `webpack-dev-server --hot --progress --colors`
22 error Exit status 1
23 error Failed at the hmi-components@1.0.0 webpack-server script 'webpack-dev-server --hot --progress --colors'.
23 error Make sure you have the latest version of node.js and npm installed.
23 error If you do, this is most likely a problem with the hmi-components package,
23 error not with npm itself.
23 error Tell the author that this fails on your system:
23 error     webpack-dev-server --hot --progress --colors
23 error You can get information on how to open an issue for this project with:
23 error     npm bugs hmi-components
23 error Or if that isn't available, you can get their info via:
23 error     npm owner ls hmi-components
23 error There is likely additional logging output above.
24 verbose exit [ 1, true ]
